2023-11-10 09:36:24.385 [info] Log level: Info
2023-11-10 09:36:24.386 [info] Validating found git in: "git"
2023-11-10 09:36:24.386 [info] Using git "2.34.1" from "git"
2023-11-10 09:36:24.386 [info] > git rev-parse --show-toplevel [9ms]
2023-11-10 09:36:24.387 [info] fatal: detected dubious ownership in repository at '/home/workspace'
To add an exception for this directory, call:

	git config --global --add safe.directory /home/workspace
2023-11-10 09:36:24.400 [info] > git rev-parse --show-toplevel [8ms]
2023-11-10 09:36:24.400 [info] fatal: detected dubious ownership in repository at '/home/workspace'
To add an exception for this directory, call:

	git config --global --add safe.directory /home/workspace
2023-11-10 09:36:24.412 [info] > git rev-parse --show-toplevel [5ms]
2023-11-10 09:36:24.413 [info] fatal: detected dubious ownership in repository at '/home/workspace'
To add an exception for this directory, call:

	git config --global --add safe.directory /home/workspace
2023-11-10 09:36:24.507 [info] > git rev-parse --show-toplevel [5ms]
2023-11-10 09:36:24.508 [info] fatal: detected dubious ownership in repository at '/home/workspace'
To add an exception for this directory, call:

	git config --global --add safe.directory /home/workspace
2023-11-10 09:36:29.482 [info] > git rev-parse --show-toplevel [5ms]
2023-11-10 09:36:29.482 [info] fatal: detected dubious ownership in repository at '/home/workspace'
To add an exception for this directory, call:

	git config --global --add safe.directory /home/workspace
